Web / API server started at http://localhost:4000
d [FetchError]: request to http://localhost:4400/emulators failed, reason: connect ETIMEDOUT 127.0.0.1:4400
    at ClientRequest.<anonymous> (/Users/rahulsmac/.cache/firebase/emulators/ui-v1.1.1/server.bundle.js:326:16724)
    at ClientRequest.emit (events.js:311:20)
    at Socket.socketErrorListener (_http_client.js:426:9)
    at Socket.emit (events.js:311:20)
    at emitErrorNT (internal/streams/destroy.js:92:8)
    at emitErrorAndCloseNT (internal/streams/destroy.js:60:3)
    at processTicksAndRejections (internal/process/task_queues.js:84:21) {
  message: 'request to http://localhost:4400/emulators failed, reason: connect ETIMEDOUT 127.0.0.1:4400',
  type: 'system',
  errno: 'ETIMEDOUT',
  code: 'ETIMEDOUT'
}
d [FetchError]: request to http://localhost:4400/emulators failed, reason: connect ETIMEDOUT 127.0.0.1:4400
    at ClientRequest.<anonymous> (/Users/rahulsmac/.cache/firebase/emulators/ui-v1.1.1/server.bundle.js:326:16724)
    at ClientRequest.emit (events.js:311:20)
    at Socket.socketErrorListener (_http_client.js:426:9)
    at Socket.emit (events.js:311:20)
    at emitErrorNT (internal/streams/destroy.js:92:8)
    at emitErrorAndCloseNT (internal/streams/destroy.js:60:3)
    at processTicksAndRejections (internal/process/task_queues.js:84:21) {
  message: 'request to http://localhost:4400/emulators failed, reason: connect ETIMEDOUT 127.0.0.1:4400',
  type: 'system',
  errno: 'ETIMEDOUT',
  code: 'ETIMEDOUT'
}
d [FetchError]: request to http://localhost:4400/emulators failed, reason: connect ETIMEDOUT 127.0.0.1:4400
    at ClientRequest.<anonymous> (/Users/rahulsmac/.cache/firebase/emulators/ui-v1.1.1/server.bundle.js:326:16724)
    at ClientRequest.emit (events.js:311:20)
    at Socket.socketErrorListener (_http_client.js:426:9)
    at Socket.emit (events.js:311:20)
    at emitErrorNT (internal/streams/destroy.js:92:8)
    at emitErrorAndCloseNT (internal/streams/destroy.js:60:3)
    at processTicksAndRejections (internal/process/task_queues.js:84:21) {
  message: 'request to http://localhost:4400/emulators failed, reason: connect ETIMEDOUT 127.0.0.1:4400',
  type: 'system',
  errno: 'ETIMEDOUT',
  code: 'ETIMEDOUT'
}
d [FetchError]: request to http://localhost:4400/emulators failed, reason: connect ETIMEDOUT 127.0.0.1:4400
    at ClientRequest.<anonymous> (/Users/rahulsmac/.cache/firebase/emulators/ui-v1.1.1/server.bundle.js:326:16724)
    at ClientRequest.emit (events.js:311:20)
    at Socket.socketErrorListener (_http_client.js:426:9)
    at Socket.emit (events.js:311:20)
    at emitErrorNT (internal/streams/destroy.js:92:8)
    at emitErrorAndCloseNT (internal/streams/destroy.js:60:3)
    at processTicksAndRejections (internal/process/task_queues.js:84:21) {
  message: 'request to http://localhost:4400/emulators failed, reason: connect ETIMEDOUT 127.0.0.1:4400',
  type: 'system',
  errno: 'ETIMEDOUT',
  code: 'ETIMEDOUT'
}
d [FetchError]: request to http://localhost:4400/emulators failed, reason: connect ETIMEDOUT 127.0.0.1:4400
    at ClientRequest.<anonymous> (/Users/rahulsmac/.cache/firebase/emulators/ui-v1.1.1/server.bundle.js:326:16724)
    at ClientRequest.emit (events.js:311:20)
    at Socket.socketErrorListener (_http_client.js:426:9)
    at Socket.emit (events.js:311:20)
    at emitErrorNT (internal/streams/destroy.js:92:8)
    at emitErrorAndCloseNT (internal/streams/destroy.js:60:3)
    at processTicksAndRejections (internal/process/task_queues.js:84:21) {
  message: 'request to http://localhost:4400/emulators failed, reason: connect ETIMEDOUT 127.0.0.1:4400',
  type: 'system',
  errno: 'ETIMEDOUT',
  code: 'ETIMEDOUT'
}
d [FetchError]: request to http://localhost:4400/emulators failed, reason: connect ETIMEDOUT 127.0.0.1:4400
    at ClientRequest.<anonymous> (/Users/rahulsmac/.cache/firebase/emulators/ui-v1.1.1/server.bundle.js:326:16724)
    at ClientRequest.emit (events.js:311:20)
    at Socket.socketErrorListener (_http_client.js:426:9)
    at Socket.emit (events.js:311:20)
    at emitErrorNT (internal/streams/destroy.js:92:8)
    at emitErrorAndCloseNT (internal/streams/destroy.js:60:3)
    at processTicksAndRejections (internal/process/task_queues.js:84:21) {
  message: 'request to http://localhost:4400/emulators failed, reason: connect ETIMEDOUT 127.0.0.1:4400',
  type: 'system',
  errno: 'ETIMEDOUT',
  code: 'ETIMEDOUT'
}
d [FetchError]: request to http://localhost:4400/emulators failed, reason: connect ETIMEDOUT 127.0.0.1:4400
    at ClientRequest.<anonymous> (/Users/rahulsmac/.cache/firebase/emulators/ui-v1.1.1/server.bundle.js:326:16724)
    at ClientRequest.emit (events.js:311:20)
    at Socket.socketErrorListener (_http_client.js:426:9)
    at Socket.emit (events.js:311:20)
    at emitErrorNT (internal/streams/destroy.js:92:8)
    at emitErrorAndCloseNT (internal/streams/destroy.js:60:3)
    at processTicksAndRejections (internal/process/task_queues.js:84:21) {
  message: 'request to http://localhost:4400/emulators failed, reason: connect ETIMEDOUT 127.0.0.1:4400',
  type: 'system',
  errno: 'ETIMEDOUT',
  code: 'ETIMEDOUT'
}
d [FetchError]: request to http://localhost:4400/emulators failed, reason: connect ETIMEDOUT 127.0.0.1:4400
    at ClientRequest.<anonymous> (/Users/rahulsmac/.cache/firebase/emulators/ui-v1.1.1/server.bundle.js:326:16724)
    at ClientRequest.emit (events.js:311:20)
    at Socket.socketErrorListener (_http_client.js:426:9)
    at Socket.emit (events.js:311:20)
    at emitErrorNT (internal/streams/destroy.js:92:8)
    at emitErrorAndCloseNT (internal/streams/destroy.js:60:3)
    at processTicksAndRejections (internal/process/task_queues.js:84:21) {
  message: 'request to http://localhost:4400/emulators failed, reason: connect ETIMEDOUT 127.0.0.1:4400',
  type: 'system',
  errno: 'ETIMEDOUT',
  code: 'ETIMEDOUT'
}
d [FetchError]: request to http://localhost:4400/emulators failed, reason: connect ETIMEDOUT 127.0.0.1:4400
    at ClientRequest.<anonymous> (/Users/rahulsmac/.cache/firebase/emulators/ui-v1.1.1/server.bundle.js:326:16724)
    at ClientRequest.emit (events.js:311:20)
    at Socket.socketErrorListener (_http_client.js:426:9)
    at Socket.emit (events.js:311:20)
    at emitErrorNT (internal/streams/destroy.js:92:8)
    at emitErrorAndCloseNT (internal/streams/destroy.js:60:3)
    at processTicksAndRejections (internal/process/task_queues.js:84:21) {
  message: 'request to http://localhost:4400/emulators failed, reason: connect ETIMEDOUT 127.0.0.1:4400',
  type: 'system',
  errno: 'ETIMEDOUT',
  code: 'ETIMEDOUT'
}
d [FetchError]: request to http://localhost:4400/emulators failed, reason: connect ETIMEDOUT 127.0.0.1:4400
    at ClientRequest.<anonymous> (/Users/rahulsmac/.cache/firebase/emulators/ui-v1.1.1/server.bundle.js:326:16724)
    at ClientRequest.emit (events.js:311:20)
    at Socket.socketErrorListener (_http_client.js:426:9)
    at Socket.emit (events.js:311:20)
    at emitErrorNT (internal/streams/destroy.js:92:8)
    at emitErrorAndCloseNT (internal/streams/destroy.js:60:3)
    at processTicksAndRejections (internal/process/task_queues.js:84:21) {
  message: 'request to http://localhost:4400/emulators failed, reason: connect ETIMEDOUT 127.0.0.1:4400',
  type: 'system',
  errno: 'ETIMEDOUT',
  code: 'ETIMEDOUT'
}
d [FetchError]: request to http://localhost:4400/emulators failed, reason: connect ETIMEDOUT 127.0.0.1:4400
    at ClientRequest.<anonymous> (/Users/rahulsmac/.cache/firebase/emulators/ui-v1.1.1/server.bundle.js:326:16724)
    at ClientRequest.emit (events.js:311:20)
    at Socket.socketErrorListener (_http_client.js:426:9)
    at Socket.emit (events.js:311:20)
    at emitErrorNT (internal/streams/destroy.js:92:8)
    at emitErrorAndCloseNT (internal/streams/destroy.js:60:3)
    at processTicksAndRejections (internal/process/task_queues.js:84:21) {
  message: 'request to http://localhost:4400/emulators failed, reason: connect ETIMEDOUT 127.0.0.1:4400',
  type: 'system',
  errno: 'ETIMEDOUT',
  code: 'ETIMEDOUT'
}
